#-----------------------------------------------------------
# Vivado v2018.3 (64-bit)
# SW Build 2405991 on Thu Dec  6 23:38:27 MST 2018
# IP Build 2404404 on Fri Dec  7 01:43:56 MST 2018
# Start of session at: Wed Apr 20 16:48:13 2022
# Process ID: 16520
# Current directory: D:/pj3/project_1
# Command line: vivado.exe -gui_launcher_event rodinguilauncherevent12444 D:\pj3\project_1\project_1.xpr
# Log file: D:/pj3/project_1/vivado.log
# Journal file: D:/pj3/project_1\vivado.jou
#-----------------------------------------------------------
start_gui
open_project D:/pj3/project_1/project_1.xpr
INFO: [Project 1-313] Project file moved from 'D:/pj1/project_1' since last save.
Scanning sources...
Finished scanning sources
INFO: [IP_Flow 19-234] Refreshing IP repositories
INFO: [IP_Flow 19-1704] No user IP repositories specified
INFO: [IP_Flow 19-2313] Loaded Vivado IP repository 'D:/app/Vivado/2018.3/data/ip'.
update_compile_order -fileset sources_1
