#-----------------------------------------------------------
# Vivado v2018.3 (64-bit)
# SW Build 2405991 on Thu Dec  6 23:38:27 MST 2018
# IP Build 2404404 on Fri Dec  7 01:43:56 MST 2018
# Start of session at: Thu May  5 18:22:30 2022
# Process ID: 5340
# Current directory: D:/大二下学习资料/计算机组成/实验3：32位MIPS流水线处理器的设计/exp3/project_1
# Command line: vivado.exe -gui_launcher_event rodinguilauncherevent14808 D:\大二下学习资料\计算机组成\实验3：32位MIPS流水线处理器的设计\exp3\project_1\project_1.xpr
# Log file: D:/大二下学习资料/计算机组成/实验3：32位MIPS流水线处理器的设计/exp3/project_1/vivado.log
# Journal file: D:/大二下学习资料/计算机组成/实验3：32位MIPS流水线处理器的设计/exp3/project_1\vivado.jou
#-----------------------------------------------------------
start_gui
open_project D:/大二下学习资料/计算机组成/实验3：32位MIPS流水线处理器的设计/exp3/project_1/project_1.xpr
Scanning sources...
Finished scanning sources
INFO: [IP_Flow 19-234] Refreshing IP repositories
INFO: [IP_Flow 19-1704] No user IP repositories specified
INFO: [IP_Flow 19-2313] Loaded Vivado IP repository 'D:/app/Vivado/2018.3/data/ip'.
update_compile_order -fileset sources_1
close_project
open_project D:/pj1/project_4/project_4.xpr
Scanning sources...
Finished scanning sources
INFO: [IP_Flow 19-234] Refreshing IP repositories
INFO: [IP_Flow 19-1704] No user IP repositories specified
INFO: [IP_Flow 19-2313] Loaded Vivado IP repository 'D:/app/Vivado/2018.3/data/ip'.
update_compile_order -fileset sources_1
reset_run impl_1
launch_runs impl_1 -jobs 8
[Thu May  5 19:49:02 2022] Launched impl_1...
Run output will be captured here: D:/pj1/project_4/project_4.runs/impl_1/runme.log
reset_run synth_1
launch_runs impl_1 -to_step write_bitstream -jobs 8
[Thu May  5 19:50:32 2022] Launched synth_1...
Run output will be captured here: D:/pj1/project_4/project_4.runs/synth_1/runme.log
[Thu May  5 19:50:32 2022] Launched impl_1...
Run output will be captured here: D:/pj1/project_4/project_4.runs/impl_1/runme.log
exit
INFO: [Common 17-206] Exiting Vivado at Thu May  5 19:58:54 2022...
