Vivado Simulator 2018.3
Copyright 1986-1999, 2001-2018 Xilinx, Inc. All Rights Reserved.
Running: D:/app/Vivado/2018.3/bin/unwrapped/win64.o/xelab.exe -wto cb17564c115d4b66b4d15496bb6ce80d --incr --debug typical --relax --mt 2 -L xil_defaultlib -L unisims_ver -L unimacro_ver -L secureip --snapshot top_behav xil_defaultlib.top xil_defaultlib.glbl -log elaborate.log 
Using 2 slave threads.
Starting static elaboration
WARNING: [VRFC 10-3091] actual bit length 32 differs from formal bit length 8 for port 'addr' [D:/pj2/project_4/project_4.srcs/sources_1/new/pj4.sv:41]
WARNING: [VRFC 10-3091] actual bit length 8 differs from formal bit length 32 for port 'a' [D:/pj2/project_4/project_4.srcs/sources_1/new/pj4.sv:80]
Completed static elaboration
Starting simulation data flow analysis
Completed simulation data flow analysis
Time Resolution for simulation is 1ps
Compiling module xil_defaultlib.flopenr(WIDTH=32)
Compiling module xil_defaultlib.maindec
Compiling module xil_defaultlib.aludec
Compiling module xil_defaultlib.controller
Compiling module xil_defaultlib.sl2
Compiling module xil_defaultlib.regfile
Compiling module xil_defaultlib.flopr2(WIDTH=32)
Compiling module xil_defaultlib.mux2(WIDTH=5)
Compiling module xil_defaultlib.signext
Compiling module xil_defaultlib.ALU
Compiling module xil_defaultlib.flopr(WIDTH=32)
Compiling module xil_defaultlib.mux2(WIDTH=32)
Compiling module xil_defaultlib.mux4(WIDTH=32)
Compiling module xil_defaultlib.datapath
Compiling module xil_defaultlib.mips
Compiling module xil_defaultlib.imem
Compiling module xil_defaultlib.dmem
Compiling module xil_defaultlib.IO
Compiling module xil_defaultlib.Hex7seg
Compiling module xil_defaultlib.mux7seg
Compiling module xil_defaultlib.DataMemoryDecoder
Compiling module xil_defaultlib.top
Compiling module xil_defaultlib.glbl
Built simulation snapshot top_behav
