#-----------------------------------------------------------
# Vivado v2018.3 (64-bit)
# SW Build 2405991 on Thu Dec  6 23:38:27 MST 2018
# IP Build 2404404 on Fri Dec  7 01:43:56 MST 2018
# Start of session at: Wed May  4 13:14:56 2022
# Process ID: 20744
# Current directory: D:/pj3/project_3
# Command line: vivado.exe -gui_launcher_event rodinguilauncherevent8872 D:\pj3\project_3\project_3.xpr
# Log file: D:/pj3/project_3/vivado.log
# Journal file: D:/pj3/project_3\vivado.jou
#-----------------------------------------------------------
start_gui
open_project D:/pj3/project_3/project_3.xpr
INFO: [Project 1-313] Project file moved from 'D:/pj1/project_3' since last save.
Scanning sources...
Finished scanning sources
INFO: [IP_Flow 19-234] Refreshing IP repositories
INFO: [IP_Flow 19-1704] No user IP repositories specified
INFO: [IP_Flow 19-2313] Loaded Vivado IP repository 'D:/app/Vivado/2018.3/data/ip'.
update_compile_order -fileset sources_1
import_files -norecurse D:/pj3/testbench_2.sv
update_compile_order -fileset sources_1
update_compile_order -fileset sources_1
import_files -norecurse D:/pj3/addfile.dat
launch_simulation
INFO: [Vivado 12-5682] Launching behavioral simulation in 'D:/pj3/project_3/project_3.sim/sim_1/behav/xsim'
INFO: [SIM-utils-51] Simulation object is 'sim_1'
INFO: [SIM-utils-54] Inspecting design source files for 'testbench' in fileset 'sim_1'...
INFO: [SIM-utils-43] Exported 'D:/pj3/project_3/project_3.sim/sim_1/behav/xsim/addfile.dat'
INFO: [USF-XSim-97] Finding global include files...
INFO: [USF-XSim-98] Fetching design files from 'sim_1'...
INFO: [USF-XSim-2] XSim::Compile design
INFO: [USF-XSim-61] Executing 'COMPILE and ANALYZE' step in 'D:/pj3/project_3/project_3.sim/sim_1/behav/xsim'
"xvlog --incr --relax -prj testbench_vlog.prj"
INFO: [VRFC 10-2263] Analyzing SystemVerilog file "D:/pj3/project_3/project_3.srcs/sources_1/new/top.sv" into library xil_defaultlib
INFO: [VRFC 10-311] analyzing module top
INFO: [VRFC 10-311] analyzing module DataMemoryDecoder
INFO: [VRFC 10-311] analyzing module imem
INFO: [VRFC 10-311] analyzing module dmem
INFO: [VRFC 10-311] analyzing module mux7seg
INFO: [VRFC 10-311] analyzing module Hex7seg
INFO: [VRFC 10-311] analyzing module IO
INFO: [VRFC 10-311] analyzing module mips
INFO: [VRFC 10-311] analyzing module controller
INFO: [VRFC 10-311] analyzing module maindec
INFO: [VRFC 10-311] analyzing module aludec
INFO: [VRFC 10-311] analyzing module datapath
INFO: [VRFC 10-2458] undeclared symbol zeroE, assumed default net type wire [D:/pj3/project_3/project_3.srcs/sources_1/new/top.sv:376]
INFO: [VRFC 10-2458] undeclared symbol zeroM, assumed default net type wire [D:/pj3/project_3/project_3.srcs/sources_1/new/top.sv:376]
INFO: [VRFC 10-311] analyzing module hazard
INFO: [VRFC 10-311] analyzing module regfile
INFO: [VRFC 10-311] analyzing module adder
INFO: [VRFC 10-311] analyzing module eqcmp
INFO: [VRFC 10-311] analyzing module sl2
INFO: [VRFC 10-311] analyzing module signext
INFO: [VRFC 10-311] analyzing module zeroext
INFO: [VRFC 10-311] analyzing module flopr
INFO: [VRFC 10-311] analyzing module floprc
INFO: [VRFC 10-311] analyzing module flopenr
INFO: [VRFC 10-311] analyzing module flopenrc
INFO: [VRFC 10-311] analyzing module mux2
INFO: [VRFC 10-311] analyzing module mux3
INFO: [VRFC 10-311] analyzing module ALU
INFO: [VRFC 10-2263] Analyzing SystemVerilog file "D:/pj3/testbench_2.sv" into library xil_defaultlib
INFO: [VRFC 10-311] analyzing module testbench
INFO: [VRFC 10-2263] Analyzing Verilog file "D:/pj3/project_3/project_3.sim/sim_1/behav/xsim/glbl.v" into library xil_defaultlib
INFO: [VRFC 10-311] analyzing module glbl
INFO: [USF-XSim-69] 'compile' step finished in '1' seconds
INFO: [USF-XSim-3] XSim::Elaborate design
INFO: [USF-XSim-61] Executing 'ELABORATE' step in 'D:/pj3/project_3/project_3.sim/sim_1/behav/xsim'
Vivado Simulator 2018.3
Copyright 1986-1999, 2001-2018 Xilinx, Inc. All Rights Reserved.
Running: D:/app/Vivado/2018.3/bin/unwrapped/win64.o/xelab.exe -wto d73b33514ac24938a9da5daee9f964a5 --incr --debug typical --relax --mt 2 -L xil_defaultlib -L unisims_ver -L unimacro_ver -L secureip --snapshot testbench_behav xil_defaultlib.testbench xil_defaultlib.glbl -log elaborate.log 
Using 2 slave threads.
Starting static elaboration
WARNING: [VRFC 10-3091] actual bit length 1 differs from formal bit length 32 for port 'd' [D:/pj3/project_3/project_3.srcs/sources_1/new/top.sv:376]
WARNING: [VRFC 10-3091] actual bit length 32 differs from formal bit length 8 for port 'addr' [D:/pj3/project_3/project_3.srcs/sources_1/new/top.sv:20]
WARNING: [VRFC 10-3091] actual bit length 8 differs from formal bit length 32 for port 'a' [D:/pj3/project_3/project_3.srcs/sources_1/new/top.sv:45]
Completed static elaboration
Starting simulation data flow analysis
Completed simulation data flow analysis
Time Resolution for simulation is 1ps
Compiling module xil_defaultlib.maindec
Compiling module xil_defaultlib.aludec
Compiling module xil_defaultlib.floprc
Compiling module xil_defaultlib.flopr(WIDTH=3)
Compiling module xil_defaultlib.flopr(WIDTH=2)
Compiling module xil_defaultlib.controller
Compiling module xil_defaultlib.hazard
Compiling module xil_defaultlib.mux2(WIDTH=32)
Compiling module xil_defaultlib.regfile
Compiling module xil_defaultlib.flopenr(WIDTH=32)
Compiling module xil_defaultlib.adder
Compiling module xil_defaultlib.flopenrc(WIDTH=32)
Compiling module xil_defaultlib.signext
Compiling module xil_defaultlib.zeroext
Compiling module xil_defaultlib.sl2
Compiling module xil_defaultlib.eqcmp
Compiling module xil_defaultlib.floprc(WIDTH=32)
Compiling module xil_defaultlib.floprc(WIDTH=5)
Compiling module xil_defaultlib.mux3(WIDTH=32)
Compiling module xil_defaultlib.ALU
Compiling module xil_defaultlib.mux2(WIDTH=5)
Compiling module xil_defaultlib.flopr(WIDTH=32)
Compiling module xil_defaultlib.flopr(WIDTH=5)
Compiling module xil_defaultlib.datapath
Compiling module xil_defaultlib.mips
Compiling module xil_defaultlib.imem
Compiling module xil_defaultlib.dmem
Compiling module xil_defaultlib.IO
Compiling module xil_defaultlib.Hex7seg
Compiling module xil_defaultlib.mux7seg
Compiling module xil_defaultlib.DataMemoryDecoder
Compiling module xil_defaultlib.top
Compiling module xil_defaultlib.testbench
Compiling module xil_defaultlib.glbl
Built simulation snapshot testbench_behav

****** Webtalk v2018.3 (64-bit)
  **** SW Build 2405991 on Thu Dec  6 23:38:27 MST 2018
  **** IP Build 2404404 on Fri Dec  7 01:43:56 MST 2018
    ** Copyright 1986-2018 Xilinx, Inc. All Rights Reserved.

source D:/pj3/project_3/project_3.sim/sim_1/behav/xsim/xsim.dir/testbench_behav/webtalk/xsim_webtalk.tcl -notrace
INFO: [Common 17-206] Exiting Webtalk at Wed May  4 13:17:31 2022...
INFO: [USF-XSim-69] 'elaborate' step finished in '2' seconds
INFO: [USF-XSim-4] XSim::Simulate design
INFO: [USF-XSim-61] Executing 'SIMULATE' step in 'D:/pj3/project_3/project_3.sim/sim_1/behav/xsim'
INFO: [USF-XSim-98] *** Running xsim
   with args "testbench_behav -key {Behavioral:sim_1:Functional:testbench} -tclbatch {testbench.tcl} -view {D:/pj3/project_3/testbench_behav.wcfg} -log {simulate.log}"
INFO: [USF-XSim-8] Loading simulator feature
Vivado Simulator 2018.3
Time resolution is 1 ps
open_wave_config D:/pj3/project_3/testbench_behav.wcfg
WARNING: Simulation object /testbench/dut/mips/pc was not found in the design.
source testbench.tcl
# set curr_wave [current_wave_config]
# if { [string length $curr_wave] == 0 } {
#   if { [llength [get_objects]] > 0} {
#     add_wave /
#     set_property needs_save false [current_wave_config]
#   } else {
#      send_msg_id Add_Wave-1 WARNING "No top level signals found. Simulator will start without a wave window. If you want to open a wave window go to 'File->New Waveform Configuration' or type 'create_wave_config' in the TCL console."
#   }
# }
# run 1000ns
INFO: [USF-XSim-96] XSim completed. Design snapshot 'testbench_behav' loaded.
INFO: [USF-XSim-97] XSim simulation ran for 1000ns
launch_simulation: Time (s): cpu = 00:00:07 ; elapsed = 00:00:07 . Memory (MB): peak = 796.527 ; gain = 42.371
close_sim
INFO: [Simtcl 6-16] Simulation closed
close_project
open_project D:/pj3/project_4/project_4.xpr
INFO: [Project 1-313] Project file moved from 'D:/pj1/project_4' since last save.
Scanning sources...
Finished scanning sources
INFO: [IP_Flow 19-234] Refreshing IP repositories
INFO: [IP_Flow 19-1704] No user IP repositories specified
INFO: [IP_Flow 19-2313] Loaded Vivado IP repository 'D:/app/Vivado/2018.3/data/ip'.
update_compile_order -fileset sources_1
import_files -norecurse D:/pj3/addfile.dat
import_files -norecurse D:/pj3/testbench_2.sv
update_compile_order -fileset sources_1
update_compile_order -fileset sources_1
reset_run synth_1
launch_runs impl_1 -to_step write_bitstream -jobs 8
[Wed May  4 13:20:02 2022] Launched synth_1...
Run output will be captured here: D:/pj3/project_4/project_4.runs/synth_1/runme.log
[Wed May  4 13:20:02 2022] Launched impl_1...
Run output will be captured here: D:/pj3/project_4/project_4.runs/impl_1/runme.log
export_ip_user_files -of_objects  [get_files D:/pj3/project_4/project_4.srcs/sources_1/imports/pj3/testbench_2.sv] -no_script -reset -force -quiet
remove_files  D:/pj3/project_4/project_4.srcs/sources_1/imports/pj3/testbench_2.sv
export_ip_user_files -of_objects  [get_files D:/pj3/project_4/project_4.srcs/sources_1/imports/pj3/addfile.dat] -no_script -reset -force -quiet
remove_files  D:/pj3/project_4/project_4.srcs/sources_1/imports/pj3/addfile.dat
reset_run synth_1
launch_runs impl_1 -to_step write_bitstream -jobs 8
[Wed May  4 13:25:47 2022] Launched synth_1...
Run output will be captured here: D:/pj3/project_4/project_4.runs/synth_1/runme.log
[Wed May  4 13:25:47 2022] Launched impl_1...
Run output will be captured here: D:/pj3/project_4/project_4.runs/impl_1/runme.log
open_hw
connect_hw_server
INFO: [Labtools 27-2285] Connecting to hw_server url TCP:localhost:3121
INFO: [Labtools 27-2222] Launching hw_server...
INFO: [Labtools 27-2221] Launch Output:

****** Xilinx hw_server v2018.3
  **** Build date : Dec  7 2018-00:40:27
    ** Copyright 1986-2018 Xilinx, Inc. All Rights Reserved.


open_hw_target
INFO: [Labtoolstcl 44-466] Opening hw_target localhost:3121/xilinx_tcf/Digilent/210292744765A
set_property PROGRAM.FILE {D:/pj3/project_4/project_4.runs/impl_1/top.bit} [get_hw_devices xc7a100t_0]
current_hw_device [get_hw_devices xc7a100t_0]
refresh_hw_device -update_hw_probes false [lindex [get_hw_devices xc7a100t_0] 0]
INFO: [Labtools 27-1434] Device xc7a100t (JTAG device index = 0) is programmed with a design that has no supported debug core(s) in it.
set_property PROBES.FILE {} [get_hw_devices xc7a100t_0]
set_property FULL_PROBES.FILE {} [get_hw_devices xc7a100t_0]
set_property PROGRAM.FILE {D:/pj3/project_4/project_4.runs/impl_1/top.bit} [get_hw_devices xc7a100t_0]
program_hw_devices [get_hw_devices xc7a100t_0]
INFO: [Labtools 27-3164] End of startup status: HIGH
refresh_hw_device [lindex [get_hw_devices xc7a100t_0] 0]
INFO: [Labtools 27-1434] Device xc7a100t (JTAG device index = 0) is programmed with a design that has no supported debug core(s) in it.
import_files -force -norecurse D:/pj3/addfile.dat
reset_run impl_1 -prev_step 
launch_runs impl_1 -to_step write_bitstream -jobs 8
[Wed May  4 13:30:42 2022] Launched impl_1...
Run output will be captured here: D:/pj3/project_4/project_4.runs/impl_1/runme.log
set_property PROBES.FILE {} [get_hw_devices xc7a100t_0]
set_property FULL_PROBES.FILE {} [get_hw_devices xc7a100t_0]
set_property PROGRAM.FILE {D:/pj3/project_4/project_4.runs/impl_1/top.bit} [get_hw_devices xc7a100t_0]
program_hw_devices [get_hw_devices xc7a100t_0]
INFO: [Labtools 27-3164] End of startup status: HIGH
refresh_hw_device [lindex [get_hw_devices xc7a100t_0] 0]
INFO: [Labtools 27-1434] Device xc7a100t (JTAG device index = 0) is programmed with a design that has no supported debug core(s) in it.
exit
INFO: [Common 17-206] Exiting Vivado at Wed May  4 13:38:49 2022...
