#-----------------------------------------------------------
# Vivado v2018.3 (64-bit)
# SW Build 2405991 on Thu Dec  6 23:38:27 MST 2018
# IP Build 2404404 on Fri Dec  7 01:43:56 MST 2018
# Start of session at: Mon Apr 18 10:42:00 2022
# Process ID: 20672
# Current directory: D:/pj2/project_3/project_3.sim/sim_1/behav/xsim
# Command line: vivado.exe -gui_launcher_event rodinguilauncherevent24736 D:\pj2\project_3\project_3.sim\sim_1\behav\xsim\testbench_behav.wdb
# Log file: D:/pj2/project_3/project_3.sim/sim_1/behav/xsim/vivado.log
# Journal file: D:/pj2/project_3/project_3.sim/sim_1/behav/xsim\vivado.jou
#-----------------------------------------------------------
start_gui
open_wave_database {D:\pj2\project_3\project_3.sim\sim_1\behav\xsim\testbench_behav.wdb}
INFO: [IP_Flow 19-234] Refreshing IP repositories
INFO: [IP_Flow 19-1704] No user IP repositories specified
INFO: [IP_Flow 19-2313] Loaded Vivado IP repository 'D:/app/Vivado/2018.3/data/ip'.
close_sim
INFO: [Simtcl 6-16] Simulation closed
exit
INFO: [Common 17-206] Exiting Vivado at Mon Apr 18 10:42:32 2022...
