INFO: [VRFC 10-2263] Analyzing SystemVerilog file "D:/pj2/project_3/project_3.srcs/sources_1/new/pj3.sv" into library xil_defaultlib
INFO: [VRFC 10-311] analyzing module top
INFO: [VRFC 10-311] analyzing module imem
INFO: [VRFC 10-311] analyzing module DataMemoryDecoder
INFO: [VRFC 10-311] analyzing module dmem
INFO: [VRFC 10-311] analyzing module mux7seg
INFO: [VRFC 10-311] analyzing module Hex7seg
INFO: [VRFC 10-311] analyzing module IO
INFO: [VRFC 10-311] analyzing module mips
INFO: [VRFC 10-311] analyzing module controller
INFO: [VRFC 10-311] analyzing module maindec
INFO: [VRFC 10-311] analyzing module aludec
INFO: [VRFC 10-311] analyzing module datapath
INFO: [VRFC 10-311] analyzing module regfile
INFO: [VRFC 10-311] analyzing module sl2
INFO: [VRFC 10-311] analyzing module signext
INFO: [VRFC 10-311] analyzing module zeroext
INFO: [VRFC 10-311] analyzing module flopr
INFO: [VRFC 10-311] analyzing module flopr2
INFO: [VRFC 10-311] analyzing module flopenr
INFO: [VRFC 10-311] analyzing module mux2
INFO: [VRFC 10-311] analyzing module mux4
INFO: [VRFC 10-311] analyzing module ALU
INFO: [VRFC 10-2263] Analyzing SystemVerilog file "D:/pj2/testbench_2.sv" into library xil_defaultlib
INFO: [VRFC 10-311] analyzing module testbench
