INFO: [VRFC 10-2263] Analyzing SystemVerilog file "D:/大二下学习资料/计算机组成/实验3：32位MIPS流水线处理器的设计/exp3/project_3/project_3.srcs/sources_1/new/top.sv" into library xil_defaultlib
INFO: [VRFC 10-311] analyzing module top
INFO: [VRFC 10-311] analyzing module DataMemoryDecoder
INFO: [VRFC 10-311] analyzing module imem
INFO: [VRFC 10-311] analyzing module dmem
INFO: [VRFC 10-311] analyzing module mux7seg
INFO: [VRFC 10-311] analyzing module Hex7seg
INFO: [VRFC 10-311] analyzing module IO
INFO: [VRFC 10-311] analyzing module mips
INFO: [VRFC 10-311] analyzing module controller
INFO: [VRFC 10-311] analyzing module maindec
INFO: [VRFC 10-311] analyzing module aludec
INFO: [VRFC 10-311] analyzing module datapath
INFO: [VRFC 10-2458] undeclared symbol zeroE, assumed default net type wire [D:/大二下学习资料/计算机组成/实验3：32位MIPS流水线处理器的设计/exp3/project_3/project_3.srcs/sources_1/new/top.sv:446]
INFO: [VRFC 10-2458] undeclared symbol zeroM, assumed default net type wire [D:/大二下学习资料/计算机组成/实验3：32位MIPS流水线处理器的设计/exp3/project_3/project_3.srcs/sources_1/new/top.sv:446]
INFO: [VRFC 10-311] analyzing module hazard
INFO: [VRFC 10-311] analyzing module regfile
INFO: [VRFC 10-311] analyzing module adder
INFO: [VRFC 10-311] analyzing module eqcmp
INFO: [VRFC 10-311] analyzing module sl2
INFO: [VRFC 10-311] analyzing module signext
INFO: [VRFC 10-311] analyzing module zeroext
INFO: [VRFC 10-311] analyzing module flopr
INFO: [VRFC 10-311] analyzing module floprc
INFO: [VRFC 10-311] analyzing module flopenr
INFO: [VRFC 10-311] analyzing module flopenrc
INFO: [VRFC 10-311] analyzing module mux2
INFO: [VRFC 10-311] analyzing module mux3
INFO: [VRFC 10-311] analyzing module ALU
INFO: [VRFC 10-2263] Analyzing SystemVerilog file "D:/大二下学习资料/计算机组成/实验3：32位MIPS流水线处理器的设计/exp3/testbench_2.sv" into library xil_defaultlib
INFO: [VRFC 10-311] analyzing module testbench
INFO: [VRFC 10-2263] Analyzing Verilog file "D:/大二下学习资料/计算机组成/实验3：32位MIPS流水线处理器的设计/exp3/project_3/project_3.sim/sim_1/behav/xsim/glbl.v" into library xil_defaultlib
INFO: [VRFC 10-311] analyzing module glbl
