#-----------------------------------------------------------
# Vivado v2018.3 (64-bit)
# SW Build 2405991 on Thu Dec  6 23:38:27 MST 2018
# IP Build 2404404 on Fri Dec  7 01:43:56 MST 2018
# Start of session at: Tue May 10 14:08:52 2022
# Process ID: 17924
# Current directory: D:/pj4/pj1
# Command line: vivado.exe -gui_launcher_event rodinguilauncherevent3376 D:\pj4\pj1\pj1.xpr
# Log file: D:/pj4/pj1/vivado.log
# Journal file: D:/pj4/pj1\vivado.jou
#-----------------------------------------------------------
start_gui
open_project D:/pj4/pj1/pj1.xpr
CRITICAL WARNING: [Project 1-19] Could not find the file 'D:/pj4/ping-pong/SuperMario.coe'.
Scanning sources...
Finished scanning sources
INFO: [IP_Flow 19-234] Refreshing IP repositories
INFO: [IP_Flow 19-1704] No user IP repositories specified
INFO: [IP_Flow 19-2313] Loaded Vivado IP repository 'D:/app/Vivado/2018.3/data/ip'.
update_compile_order -fileset sources_1
export_ip_user_files -of_objects  [get_files D:/pj4/ping-pong/SuperMario.coe] -no_script -reset -force -quiet
remove_files  D:/pj4/ping-pong/SuperMario.coe
open_hw
close_hw
INFO: [Device 21-403] Loading part xc7a100tcsg324-1
WARNING: [IP_Flow 19-4067] Ignoring invalid widget type specified checkbox.Providing a default widget
WARNING: [IP_Flow 19-4067] Ignoring invalid widget type specified checkbox.Providing a default widget
exit
INFO: [Common 17-206] Exiting Vivado at Tue May 10 14:38:09 2022...
