Copyright 1986-2018 Xilinx, Inc. All Rights Reserved.
--------------------------------------------------------------------------------------------------------------------------------------------------------------------
| Tool Version : Vivado v.2018.3 (win64) Build 2405991 Thu Dec  6 23:38:27 MST 2018
| Date         : Fri May 13 15:28:38 2022
| Host         : Laptop-HarmonyOs running 64-bit major release  (build 9200)
| Command      : report_methodology -file pwm_buzzer_methodology_drc_routed.rpt -pb pwm_buzzer_methodology_drc_routed.pb -rpx pwm_buzzer_methodology_drc_routed.rpx
| Design       : pwm_buzzer
| Device       : xc7a100tcsg324-1
| Speed File   : -1
| Design State : Fully Routed
--------------------------------------------------------------------------------------------------------------------------------------------------------------------

Report Methodology

Table of Contents
-----------------
1. REPORT SUMMARY
2. REPORT DETAILS

1. REPORT SUMMARY
-----------------
            Netlist: netlist
          Floorplan: design_1
      Design limits: <entire design considered>
             Max violations: <unlimited>
             Violations found: 27
+-----------+----------+-------------------------------+------------+
| Rule      | Severity | Description                   | Violations |
+-----------+----------+-------------------------------+------------+
| TIMING-18 | Warning  | Missing input or output delay | 2          |
| TIMING-20 | Warning  | Non-clocked latch             | 25         |
+-----------+----------+-------------------------------+------------+

2. REPORT DETAILS
-----------------
TIMING-18#1 Warning
Missing input or output delay  
An input delay is missing on rst_n relative to clock(s) sys_clk_pin
Related violations: <none>

TIMING-18#2 Warning
Missing input or output delay  
An output delay is missing on buzzer relative to clock(s) sys_clk_pin
Related violations: <none>

TIMING-20#1 Warning
Non-clocked latch  
The latch cishu_reg[0] cannot be properly analyzed as its control pin cishu_reg[0]/G is not reached by a timing clock
Related violations: <none>

TIMING-20#2 Warning
Non-clocked latch  
The latch cishu_reg[1] cannot be properly analyzed as its control pin cishu_reg[1]/G is not reached by a timing clock
Related violations: <none>

TIMING-20#3 Warning
Non-clocked latch  
The latch cishu_reg[2] cannot be properly analyzed as its control pin cishu_reg[2]/G is not reached by a timing clock
Related violations: <none>

TIMING-20#4 Warning
Non-clocked latch  
The latch cishu_reg[3] cannot be properly analyzed as its control pin cishu_reg[3]/G is not reached by a timing clock
Related violations: <none>

TIMING-20#5 Warning
Non-clocked latch  
The latch cishu_reg[4] cannot be properly analyzed as its control pin cishu_reg[4]/G is not reached by a timing clock
Related violations: <none>

TIMING-20#6 Warning
Non-clocked latch  
The latch cishu_reg[5] cannot be properly analyzed as its control pin cishu_reg[5]/G is not reached by a timing clock
Related violations: <none>

TIMING-20#7 Warning
Non-clocked latch  
The latch cishu_reg[6] cannot be properly analyzed as its control pin cishu_reg[6]/G is not reached by a timing clock
Related violations: <none>

TIMING-20#8 Warning
Non-clocked latch  
The latch cishu_reg[7] cannot be properly analyzed as its control pin cishu_reg[7]/G is not reached by a timing clock
Related violations: <none>

TIMING-20#9 Warning
Non-clocked latch  
The latch cishu_reg[8] cannot be properly analyzed as its control pin cishu_reg[8]/G is not reached by a timing clock
Related violations: <none>

TIMING-20#10 Warning
Non-clocked latch  
The latch pre_set_reg[10] cannot be properly analyzed as its control pin pre_set_reg[10]/G is not reached by a timing clock
Related violations: <none>

TIMING-20#11 Warning
Non-clocked latch  
The latch pre_set_reg[11] cannot be properly analyzed as its control pin pre_set_reg[11]/G is not reached by a timing clock
Related violations: <none>

TIMING-20#12 Warning
Non-clocked latch  
The latch pre_set_reg[12] cannot be properly analyzed as its control pin pre_set_reg[12]/G is not reached by a timing clock
Related violations: <none>

TIMING-20#13 Warning
Non-clocked latch  
The latch pre_set_reg[13] cannot be properly analyzed as its control pin pre_set_reg[13]/G is not reached by a timing clock
Related violations: <none>

TIMING-20#14 Warning
Non-clocked latch  
The latch pre_set_reg[14] cannot be properly analyzed as its control pin pre_set_reg[14]/G is not reached by a timing clock
Related violations: <none>

TIMING-20#15 Warning
Non-clocked latch  
The latch pre_set_reg[15] cannot be properly analyzed as its control pin pre_set_reg[15]/G is not reached by a timing clock
Related violations: <none>

TIMING-20#16 Warning
Non-clocked latch  
The latch pre_set_reg[16] cannot be properly analyzed as its control pin pre_set_reg[16]/G is not reached by a timing clock
Related violations: <none>

TIMING-20#17 Warning
Non-clocked latch  
The latch pre_set_reg[1] cannot be properly analyzed as its control pin pre_set_reg[1]/G is not reached by a timing clock
Related violations: <none>

TIMING-20#18 Warning
Non-clocked latch  
The latch pre_set_reg[2] cannot be properly analyzed as its control pin pre_set_reg[2]/G is not reached by a timing clock
Related violations: <none>

TIMING-20#19 Warning
Non-clocked latch  
The latch pre_set_reg[3] cannot be properly analyzed as its control pin pre_set_reg[3]/G is not reached by a timing clock
Related violations: <none>

TIMING-20#20 Warning
Non-clocked latch  
The latch pre_set_reg[4] cannot be properly analyzed as its control pin pre_set_reg[4]/G is not reached by a timing clock
Related violations: <none>

TIMING-20#21 Warning
Non-clocked latch  
The latch pre_set_reg[5] cannot be properly analyzed as its control pin pre_set_reg[5]/G is not reached by a timing clock
Related violations: <none>

TIMING-20#22 Warning
Non-clocked latch  
The latch pre_set_reg[6] cannot be properly analyzed as its control pin pre_set_reg[6]/G is not reached by a timing clock
Related violations: <none>

TIMING-20#23 Warning
Non-clocked latch  
The latch pre_set_reg[7] cannot be properly analyzed as its control pin pre_set_reg[7]/G is not reached by a timing clock
Related violations: <none>

TIMING-20#24 Warning
Non-clocked latch  
The latch pre_set_reg[8] cannot be properly analyzed as its control pin pre_set_reg[8]/G is not reached by a timing clock
Related violations: <none>

TIMING-20#25 Warning
Non-clocked latch  
The latch pre_set_reg[9] cannot be properly analyzed as its control pin pre_set_reg[9]/G is not reached by a timing clock
Related violations: <none>


