#-----------------------------------------------------------
# Vivado v2018.3 (64-bit)
# SW Build 2405991 on Thu Dec  6 23:38:27 MST 2018
# IP Build 2404404 on Fri Dec  7 01:43:56 MST 2018
# Start of session at: Thu May  5 20:20:22 2022
# Process ID: 17944
# Current directory: D:/大二下学习资料/计算机组成/实验3：32位MIPS流水线处理器的设计/exp3/project_4
# Command line: vivado.exe -gui_launcher_event rodinguilauncherevent14056 D:\大二下学习资料\计算机组成\实验3：32位MIPS流水线处理器的设计\exp3\project_4\project_4.xpr
# Log file: D:/大二下学习资料/计算机组成/实验3：32位MIPS流水线处理器的设计/exp3/project_4/vivado.log
# Journal file: D:/大二下学习资料/计算机组成/实验3：32位MIPS流水线处理器的设计/exp3/project_4\vivado.jou
#-----------------------------------------------------------
start_gui
open_project D:/大二下学习资料/计算机组成/实验3：32位MIPS流水线处理器的设计/exp3/project_4/project_4.xpr
INFO: [Project 1-313] Project file moved from 'D:/332MIPS/exp3/project_4' since last save.
WARNING: [Project 1-312] File not found as 'D:/大二下学习资料/计算机组成/大二下学习资料/计算机组成/实验3：32位MIPS流水线处理器的设计/exp3/Nexys4DDR_Master.xdc'; using path 'D:/大二下学习资料/计算机组成/实验3：32位MIPS流水线处理器的设计/exp3/Nexys4DDR_Master.xdc' instead.
Scanning sources...
Finished scanning sources
WARNING: [Project 1-312] File not found as 'D:/大二下学习资料/计算机组成/大二下学习资料/计算机组成/实验3：32位MIPS流水线处理器的设计/exp3/Nexys4DDR_Master.xdc'; using path 'D:/大二下学习资料/计算机组成/实验3：32位MIPS流水线处理器的设计/exp3/Nexys4DDR_Master.xdc' instead.
WARNING: [Project 1-312] File not found as 'D:/大二下学习资料/计算机组成/大二下学习资料/计算机组成/实验3：32位MIPS流水线处理器的设计/exp3/Nexys4DDR_Master.xdc'; using path 'D:/大二下学习资料/计算机组成/实验3：32位MIPS流水线处理器的设计/exp3/Nexys4DDR_Master.xdc' instead.
INFO: [IP_Flow 19-234] Refreshing IP repositories
INFO: [IP_Flow 19-1704] No user IP repositories specified
INFO: [IP_Flow 19-2313] Loaded Vivado IP repository 'D:/app/Vivado/2018.3/data/ip'.
update_compile_order -fileset sources_1
reset_run impl_1 -prev_step 
launch_runs impl_1 -to_step write_bitstream -jobs 8
[Thu May  5 20:20:55 2022] Launched impl_1...
Run output will be captured here: D:/大二下学习资料/计算机组成/实验3：32位MIPS流水线处理器的设计/exp3/project_4/project_4.runs/impl_1/runme.log
open_hw
connect_hw_server
INFO: [Labtools 27-2285] Connecting to hw_server url TCP:localhost:3121
INFO: [Labtools 27-2222] Launching hw_server...
INFO: [Labtools 27-2221] Launch Output:

****** Xilinx hw_server v2018.3
  **** Build date : Dec  7 2018-00:40:27
    ** Copyright 1986-2018 Xilinx, Inc. All Rights Reserved.


open_hw_target
INFO: [Labtoolstcl 44-466] Opening hw_target localhost:3121/xilinx_tcf/Digilent/210292744765A
set_property PROGRAM.FILE {D:/大二下学习资料/计算机组成/实验3：32位MIPS流水线处理器的设计/exp3/project_4/project_4.runs/impl_1/top.bit} [get_hw_devices xc7a100t_0]
current_hw_device [get_hw_devices xc7a100t_0]
refresh_hw_device -update_hw_probes false [lindex [get_hw_devices xc7a100t_0] 0]
INFO: [Labtools 27-1434] Device xc7a100t (JTAG device index = 0) is programmed with a design that has no supported debug core(s) in it.
exit
INFO: [Common 17-206] Exiting Vivado at Thu May  5 20:26:58 2022...
