
*** Running vivado
    with args -log top.vds -m64 -product Vivado -mode batch -messageDb vivado.pb -notrace -source top.tcl


****** Vivado v2018.3 (64-bit)
  **** SW Build 2405991 on Thu Dec  6 23:38:27 MST 2018
  **** IP Build 2404404 on Fri Dec  7 01:43:56 MST 2018
    ** Copyright 1986-2018 Xilinx, Inc. All Rights Reserved.

source top.tcl -notrace
Command: synth_design -top top -part xc7a100tcsg324-1
Starting synth_design
Attempting to get a license for feature 'Synthesis' and/or device 'xc7a100t'
INFO: [Common 17-349] Got license for feature 'Synthesis' and/or device 'xc7a100t'
INFO: Launching helper process for spawning children vivado processes
INFO: Helper process launched with PID 6520 
---------------------------------------------------------------------------------
Starting RTL Elaboration : Time (s): cpu = 00:00:01 ; elapsed = 00:00:02 . Memory (MB): peak = 339.555 ; gain = 71.086
---------------------------------------------------------------------------------
INFO: [Synth 8-6157] synthesizing module 'top' [D:/pj2/project_4/project_4.srcs/sources_1/new/pj4.sv:22]
INFO: [Synth 8-6157] synthesizing module 'mips' [D:/pj2/project_4/project_4.srcs/sources_1/new/pj4.sv:264]
INFO: [Synth 8-6157] synthesizing module 'flopenr' [D:/pj2/project_4/project_4.srcs/sources_1/new/pj4.sv:587]
	Parameter WIDTH bound to: 32 - type: integer 
INFO: [Synth 8-6155] done synthesizing module 'flopenr' (1#1) [D:/pj2/project_4/project_4.srcs/sources_1/new/pj4.sv:587]
INFO: [Synth 8-6157] synthesizing module 'controller' [D:/pj2/project_4/project_4.srcs/sources_1/new/pj4.sv:288]
INFO: [Synth 8-6157] synthesizing module 'maindec' [D:/pj2/project_4/project_4.srcs/sources_1/new/pj4.sv:309]
	Parameter FETCH bound to: 4'b0000 
	Parameter DECODE bound to: 4'b0001 
	Parameter MEMADR bound to: 4'b0010 
	Parameter MEMRD bound to: 4'b0011 
	Parameter MEMWB bound to: 4'b0100 
	Parameter MEMWR bound to: 4'b0101 
	Parameter RTYPEEX bound to: 4'b0110 
	Parameter RTYPEWB bound to: 4'b0111 
	Parameter BEQEX bound to: 4'b1000 
	Parameter ADDIEX bound to: 4'b1001 
	Parameter IWB bound to: 4'b1010 
	Parameter JEX bound to: 4'b1011 
	Parameter BNEEX bound to: 4'b1100 
	Parameter ANDIEX bound to: 4'b1101 
	Parameter ORIEX bound to: 4'b1110 
	Parameter LW bound to: 6'b100011 
	Parameter SW bound to: 6'b101011 
	Parameter RTYPE bound to: 6'b000000 
	Parameter BEQ bound to: 6'b000100 
	Parameter BNE bound to: 6'b000101 
	Parameter ADDI bound to: 6'b001000 
	Parameter ANDI bound to: 6'b001100 
	Parameter ORI bound to: 6'b001101 
	Parameter J bound to: 6'b000010 
INFO: [Synth 8-6155] done synthesizing module 'maindec' (2#1) [D:/pj2/project_4/project_4.srcs/sources_1/new/pj4.sv:309]
INFO: [Synth 8-6157] synthesizing module 'aludec' [D:/pj2/project_4/project_4.srcs/sources_1/new/pj4.sv:457]
INFO: [Synth 8-155] case statement is not full and has no default [D:/pj2/project_4/project_4.srcs/sources_1/new/pj4.sv:461]
WARNING: [Synth 8-87] always_comb on 'alucontrol_reg' did not result in combinational logic [D:/pj2/project_4/project_4.srcs/sources_1/new/pj4.sv:463]
INFO: [Synth 8-6155] done synthesizing module 'aludec' (3#1) [D:/pj2/project_4/project_4.srcs/sources_1/new/pj4.sv:457]
INFO: [Synth 8-6155] done synthesizing module 'controller' (4#1) [D:/pj2/project_4/project_4.srcs/sources_1/new/pj4.sv:288]
INFO: [Synth 8-6157] synthesizing module 'datapath' [D:/pj2/project_4/project_4.srcs/sources_1/new/pj4.sv:488]
INFO: [Synth 8-6157] synthesizing module 'sl2' [D:/pj2/project_4/project_4.srcs/sources_1/new/pj4.sv:541]
INFO: [Synth 8-6155] done synthesizing module 'sl2' (5#1) [D:/pj2/project_4/project_4.srcs/sources_1/new/pj4.sv:541]
INFO: [Synth 8-6157] synthesizing module 'regfile' [D:/pj2/project_4/project_4.srcs/sources_1/new/pj4.sv:526]
INFO: [Synth 8-6155] done synthesizing module 'regfile' (6#1) [D:/pj2/project_4/project_4.srcs/sources_1/new/pj4.sv:526]
INFO: [Synth 8-6157] synthesizing module 'flopr2' [D:/pj2/project_4/project_4.srcs/sources_1/new/pj4.sv:569]
	Parameter WIDTH bound to: 32 - type: integer 
INFO: [Synth 8-6155] done synthesizing module 'flopr2' (7#1) [D:/pj2/project_4/project_4.srcs/sources_1/new/pj4.sv:569]
INFO: [Synth 8-6157] synthesizing module 'mux2' [D:/pj2/project_4/project_4.srcs/sources_1/new/pj4.sv:600]
	Parameter WIDTH bound to: 5 - type: integer 
INFO: [Synth 8-6155] done synthesizing module 'mux2' (8#1) [D:/pj2/project_4/project_4.srcs/sources_1/new/pj4.sv:600]
INFO: [Synth 8-6157] synthesizing module 'signext' [D:/pj2/project_4/project_4.srcs/sources_1/new/pj4.sv:548]
INFO: [Synth 8-6155] done synthesizing module 'signext' (9#1) [D:/pj2/project_4/project_4.srcs/sources_1/new/pj4.sv:548]
INFO: [Synth 8-6157] synthesizing module 'zeroext' [D:/pj2/project_4/project_4.srcs/sources_1/new/pj4.sv:554]
INFO: [Synth 8-6155] done synthesizing module 'zeroext' (10#1) [D:/pj2/project_4/project_4.srcs/sources_1/new/pj4.sv:554]
INFO: [Synth 8-6157] synthesizing module 'mux2__parameterized0' [D:/pj2/project_4/project_4.srcs/sources_1/new/pj4.sv:600]
	Parameter WIDTH bound to: 32 - type: integer 
INFO: [Synth 8-6155] done synthesizing module 'mux2__parameterized0' (10#1) [D:/pj2/project_4/project_4.srcs/sources_1/new/pj4.sv:600]
INFO: [Synth 8-6157] synthesizing module 'ALU' [D:/pj2/project_4/project_4.srcs/sources_1/new/pj4.sv:626]
INFO: [Synth 8-155] case statement is not full and has no default [D:/pj2/project_4/project_4.srcs/sources_1/new/pj4.sv:635]
WARNING: [Synth 8-87] always_comb on 'ALUResult_reg' did not result in combinational logic [D:/pj2/project_4/project_4.srcs/sources_1/new/pj4.sv:633]
INFO: [Synth 8-6155] done synthesizing module 'ALU' (11#1) [D:/pj2/project_4/project_4.srcs/sources_1/new/pj4.sv:626]
INFO: [Synth 8-6157] synthesizing module 'flopr' [D:/pj2/project_4/project_4.srcs/sources_1/new/pj4.sv:561]
	Parameter WIDTH bound to: 32 - type: integer 
INFO: [Synth 8-6155] done synthesizing module 'flopr' (12#1) [D:/pj2/project_4/project_4.srcs/sources_1/new/pj4.sv:561]
INFO: [Synth 8-6157] synthesizing module 'mux4' [D:/pj2/project_4/project_4.srcs/sources_1/new/pj4.sv:608]
	Parameter WIDTH bound to: 32 - type: integer 
INFO: [Synth 8-6155] done synthesizing module 'mux4' (13#1) [D:/pj2/project_4/project_4.srcs/sources_1/new/pj4.sv:608]
INFO: [Synth 8-6155] done synthesizing module 'datapath' (14#1) [D:/pj2/project_4/project_4.srcs/sources_1/new/pj4.sv:488]
INFO: [Synth 8-6155] done synthesizing module 'mips' (15#1) [D:/pj2/project_4/project_4.srcs/sources_1/new/pj4.sv:264]
INFO: [Synth 8-6157] synthesizing module 'imem' [D:/pj2/project_4/project_4.srcs/sources_1/new/pj4.sv:46]
INFO: [Synth 8-3876] $readmem data file 'addfile.dat' is read successfully [D:/pj2/project_4/project_4.srcs/sources_1/new/pj4.sv:53]
INFO: [Synth 8-6155] done synthesizing module 'imem' (16#1) [D:/pj2/project_4/project_4.srcs/sources_1/new/pj4.sv:46]
INFO: [Synth 8-6157] synthesizing module 'DataMemoryDecoder' [D:/pj2/project_4/project_4.srcs/sources_1/new/pj4.sv:59]
WARNING: [Synth 8-4446] all outputs are unconnected for this instance and logic may be removed [D:/pj2/project_4/project_4.srcs/sources_1/new/pj4.sv:80]
INFO: [Synth 8-6157] synthesizing module 'dmem' [D:/pj2/project_4/project_4.srcs/sources_1/new/pj4.sv:86]
INFO: [Synth 8-6155] done synthesizing module 'dmem' (17#1) [D:/pj2/project_4/project_4.srcs/sources_1/new/pj4.sv:86]
WARNING: [Synth 8-350] instance 'dmem' of module 'dmem' requires 5 connections, but only 4 given [D:/pj2/project_4/project_4.srcs/sources_1/new/pj4.sv:80]
INFO: [Synth 8-6157] synthesizing module 'IO' [D:/pj2/project_4/project_4.srcs/sources_1/new/pj4.sv:203]
INFO: [Synth 8-6155] done synthesizing module 'IO' (18#1) [D:/pj2/project_4/project_4.srcs/sources_1/new/pj4.sv:203]
INFO: [Synth 8-6157] synthesizing module 'mux7seg' [D:/pj2/project_4/project_4.srcs/sources_1/new/pj4.sv:97]
INFO: [Synth 8-226] default block is never used [D:/pj2/project_4/project_4.srcs/sources_1/new/pj4.sv:110]
INFO: [Synth 8-226] default block is never used [D:/pj2/project_4/project_4.srcs/sources_1/new/pj4.sv:131]
INFO: [Synth 8-6157] synthesizing module 'Hex7seg' [D:/pj2/project_4/project_4.srcs/sources_1/new/pj4.sv:158]
INFO: [Synth 8-6155] done synthesizing module 'Hex7seg' (19#1) [D:/pj2/project_4/project_4.srcs/sources_1/new/pj4.sv:158]
INFO: [Synth 8-6155] done synthesizing module 'mux7seg' (20#1) [D:/pj2/project_4/project_4.srcs/sources_1/new/pj4.sv:97]
WARNING: [Synth 8-3848] Net ReadData1 in module/entity DataMemoryDecoder does not have driver. [D:/pj2/project_4/project_4.srcs/sources_1/new/pj4.sv:77]
INFO: [Synth 8-6155] done synthesizing module 'DataMemoryDecoder' (21#1) [D:/pj2/project_4/project_4.srcs/sources_1/new/pj4.sv:59]
WARNING: [Synth 8-689] width (32) of port connection 'addr' does not match port width (8) of module 'DataMemoryDecoder' [D:/pj2/project_4/project_4.srcs/sources_1/new/pj4.sv:41]
INFO: [Synth 8-6155] done synthesizing module 'top' (22#1) [D:/pj2/project_4/project_4.srcs/sources_1/new/pj4.sv:22]
WARNING: [Synth 8-3331] design mux7seg has unconnected port d[15]
WARNING: [Synth 8-3331] design mux7seg has unconnected port d[14]
WARNING: [Synth 8-3331] design mux7seg has unconnected port d[13]
WARNING: [Synth 8-3331] design mux7seg has unconnected port d[12]
WARNING: [Synth 8-3331] design IO has unconnected port pWriteData[31]
WARNING: [Synth 8-3331] design IO has unconnected port pWriteData[30]
WARNING: [Synth 8-3331] design IO has unconnected port pWriteData[29]
WARNING: [Synth 8-3331] design IO has unconnected port pWriteData[28]
WARNING: [Synth 8-3331] design IO has unconnected port pWriteData[27]
WARNING: [Synth 8-3331] design IO has unconnected port pWriteData[26]
WARNING: [Synth 8-3331] design IO has unconnected port pWriteData[25]
WARNING: [Synth 8-3331] design IO has unconnected port pWriteData[24]
WARNING: [Synth 8-3331] design IO has unconnected port pWriteData[23]
WARNING: [Synth 8-3331] design IO has unconnected port pWriteData[22]
WARNING: [Synth 8-3331] design IO has unconnected port pWriteData[21]
WARNING: [Synth 8-3331] design IO has unconnected port pWriteData[20]
WARNING: [Synth 8-3331] design IO has unconnected port pWriteData[19]
WARNING: [Synth 8-3331] design IO has unconnected port pWriteData[18]
WARNING: [Synth 8-3331] design IO has unconnected port pWriteData[17]
WARNING: [Synth 8-3331] design IO has unconnected port pWriteData[16]
WARNING: [Synth 8-3331] design IO has unconnected port pWriteData[15]
WARNING: [Synth 8-3331] design IO has unconnected port pWriteData[14]
WARNING: [Synth 8-3331] design IO has unconnected port pWriteData[13]
WARNING: [Synth 8-3331] design IO has unconnected port pWriteData[12]
WARNING: [Synth 8-3331] design dmem has unconnected port a[31]
WARNING: [Synth 8-3331] design dmem has unconnected port a[30]
WARNING: [Synth 8-3331] design dmem has unconnected port a[29]
WARNING: [Synth 8-3331] design dmem has unconnected port a[28]
WARNING: [Synth 8-3331] design dmem has unconnected port a[27]
WARNING: [Synth 8-3331] design dmem has unconnected port a[26]
WARNING: [Synth 8-3331] design dmem has unconnected port a[25]
WARNING: [Synth 8-3331] design dmem has unconnected port a[24]
WARNING: [Synth 8-3331] design dmem has unconnected port a[23]
WARNING: [Synth 8-3331] design dmem has unconnected port a[22]
WARNING: [Synth 8-3331] design dmem has unconnected port a[21]
WARNING: [Synth 8-3331] design dmem has unconnected port a[20]
WARNING: [Synth 8-3331] design dmem has unconnected port a[19]
WARNING: [Synth 8-3331] design dmem has unconnected port a[18]
WARNING: [Synth 8-3331] design dmem has unconnected port a[17]
WARNING: [Synth 8-3331] design dmem has unconnected port a[16]
WARNING: [Synth 8-3331] design dmem has unconnected port a[15]
WARNING: [Synth 8-3331] design dmem has unconnected port a[14]
WARNING: [Synth 8-3331] design dmem has unconnected port a[13]
WARNING: [Synth 8-3331] design dmem has unconnected port a[12]
WARNING: [Synth 8-3331] design dmem has unconnected port a[11]
WARNING: [Synth 8-3331] design dmem has unconnected port a[10]
WARNING: [Synth 8-3331] design dmem has unconnected port a[9]
WARNING: [Synth 8-3331] design dmem has unconnected port a[8]
WARNING: [Synth 8-3331] design dmem has unconnected port a[1]
WARNING: [Synth 8-3331] design dmem has unconnected port a[0]
WARNING: [Synth 8-3331] design sl2 has unconnected port a[31]
WARNING: [Synth 8-3331] design sl2 has unconnected port a[30]
WARNING: [Synth 8-3331] design datapath has unconnected port instr[31]
WARNING: [Synth 8-3331] design datapath has unconnected port instr[30]
WARNING: [Synth 8-3331] design datapath has unconnected port instr[29]
WARNING: [Synth 8-3331] design datapath has unconnected port instr[28]
WARNING: [Synth 8-3331] design datapath has unconnected port instr[27]
WARNING: [Synth 8-3331] design datapath has unconnected port instr[26]
---------------------------------------------------------------------------------
Finished RTL Elaboration : Time (s): cpu = 00:00:02 ; elapsed = 00:00:03 . Memory (MB): peak = 394.945 ; gain = 126.477
---------------------------------------------------------------------------------

Report Check Netlist: 
+------+------------------+-------+---------+-------+------------------+
|      |Item              |Errors |Warnings |Status |Description       |
+------+------------------+-------+---------+-------+------------------+
|1     |multi_driven_nets |      0|        0|Passed |Multi driven nets |
+------+------------------+-------+---------+-------+------------------+
WARNING: [Synth 8-3295] tying undriven pin dmem:wd[31] to constant 0 [D:/pj2/project_4/project_4.srcs/sources_1/new/pj4.sv:80]
WARNING: [Synth 8-3295] tying undriven pin dmem:wd[30] to constant 0 [D:/pj2/project_4/project_4.srcs/sources_1/new/pj4.sv:80]
WARNING: [Synth 8-3295] tying undriven pin dmem:wd[29] to constant 0 [D:/pj2/project_4/project_4.srcs/sources_1/new/pj4.sv:80]
WARNING: [Synth 8-3295] tying undriven pin dmem:wd[28] to constant 0 [D:/pj2/project_4/project_4.srcs/sources_1/new/pj4.sv:80]
WARNING: [Synth 8-3295] tying undriven pin dmem:wd[27] to constant 0 [D:/pj2/project_4/project_4.srcs/sources_1/new/pj4.sv:80]
WARNING: [Synth 8-3295] tying undriven pin dmem:wd[26] to constant 0 [D:/pj2/project_4/project_4.srcs/sources_1/new/pj4.sv:80]
WARNING: [Synth 8-3295] tying undriven pin dmem:wd[25] to constant 0 [D:/pj2/project_4/project_4.srcs/sources_1/new/pj4.sv:80]
WARNING: [Synth 8-3295] tying undriven pin dmem:wd[24] to constant 0 [D:/pj2/project_4/project_4.srcs/sources_1/new/pj4.sv:80]
WARNING: [Synth 8-3295] tying undriven pin dmem:wd[23] to constant 0 [D:/pj2/project_4/project_4.srcs/sources_1/new/pj4.sv:80]
WARNING: [Synth 8-3295] tying undriven pin dmem:wd[22] to constant 0 [D:/pj2/project_4/project_4.srcs/sources_1/new/pj4.sv:80]
WARNING: [Synth 8-3295] tying undriven pin dmem:wd[21] to constant 0 [D:/pj2/project_4/project_4.srcs/sources_1/new/pj4.sv:80]
WARNING: [Synth 8-3295] tying undriven pin dmem:wd[20] to constant 0 [D:/pj2/project_4/project_4.srcs/sources_1/new/pj4.sv:80]
WARNING: [Synth 8-3295] tying undriven pin dmem:wd[19] to constant 0 [D:/pj2/project_4/project_4.srcs/sources_1/new/pj4.sv:80]
WARNING: [Synth 8-3295] tying undriven pin dmem:wd[18] to constant 0 [D:/pj2/project_4/project_4.srcs/sources_1/new/pj4.sv:80]
WARNING: [Synth 8-3295] tying undriven pin dmem:wd[17] to constant 0 [D:/pj2/project_4/project_4.srcs/sources_1/new/pj4.sv:80]
WARNING: [Synth 8-3295] tying undriven pin dmem:wd[16] to constant 0 [D:/pj2/project_4/project_4.srcs/sources_1/new/pj4.sv:80]
WARNING: [Synth 8-3295] tying undriven pin dmem:wd[15] to constant 0 [D:/pj2/project_4/project_4.srcs/sources_1/new/pj4.sv:80]
WARNING: [Synth 8-3295] tying undriven pin dmem:wd[14] to constant 0 [D:/pj2/project_4/project_4.srcs/sources_1/new/pj4.sv:80]
WARNING: [Synth 8-3295] tying undriven pin dmem:wd[13] to constant 0 [D:/pj2/project_4/project_4.srcs/sources_1/new/pj4.sv:80]
WARNING: [Synth 8-3295] tying undriven pin dmem:wd[12] to constant 0 [D:/pj2/project_4/project_4.srcs/sources_1/new/pj4.sv:80]
WARNING: [Synth 8-3295] tying undriven pin dmem:wd[11] to constant 0 [D:/pj2/project_4/project_4.srcs/sources_1/new/pj4.sv:80]
WARNING: [Synth 8-3295] tying undriven pin dmem:wd[10] to constant 0 [D:/pj2/project_4/project_4.srcs/sources_1/new/pj4.sv:80]
WARNING: [Synth 8-3295] tying undriven pin dmem:wd[9] to constant 0 [D:/pj2/project_4/project_4.srcs/sources_1/new/pj4.sv:80]
WARNING: [Synth 8-3295] tying undriven pin dmem:wd[8] to constant 0 [D:/pj2/project_4/project_4.srcs/sources_1/new/pj4.sv:80]
WARNING: [Synth 8-3295] tying undriven pin dmem:wd[7] to constant 0 [D:/pj2/project_4/project_4.srcs/sources_1/new/pj4.sv:80]
WARNING: [Synth 8-3295] tying undriven pin dmem:wd[6] to constant 0 [D:/pj2/project_4/project_4.srcs/sources_1/new/pj4.sv:80]
WARNING: [Synth 8-3295] tying undriven pin dmem:wd[5] to constant 0 [D:/pj2/project_4/project_4.srcs/sources_1/new/pj4.sv:80]
WARNING: [Synth 8-3295] tying undriven pin dmem:wd[4] to constant 0 [D:/pj2/project_4/project_4.srcs/sources_1/new/pj4.sv:80]
WARNING: [Synth 8-3295] tying undriven pin dmem:wd[3] to constant 0 [D:/pj2/project_4/project_4.srcs/sources_1/new/pj4.sv:80]
WARNING: [Synth 8-3295] tying undriven pin dmem:wd[2] to constant 0 [D:/pj2/project_4/project_4.srcs/sources_1/new/pj4.sv:80]
WARNING: [Synth 8-3295] tying undriven pin dmem:wd[1] to constant 0 [D:/pj2/project_4/project_4.srcs/sources_1/new/pj4.sv:80]
WARNING: [Synth 8-3295] tying undriven pin dmem:wd[0] to constant 0 [D:/pj2/project_4/project_4.srcs/sources_1/new/pj4.sv:80]
---------------------------------------------------------------------------------
Start Handling Custom Attributes
---------------------------------------------------------------------------------
---------------------------------------------------------------------------------
Finished Handling Custom Attributes : Time (s): cpu = 00:00:02 ; elapsed = 00:00:03 . Memory (MB): peak = 394.945 ; gain = 126.477
---------------------------------------------------------------------------------
---------------------------------------------------------------------------------
Finished RTL Optimization Phase 1 : Time (s): cpu = 00:00:02 ; elapsed = 00:00:03 . Memory (MB): peak = 394.945 ; gain = 126.477
---------------------------------------------------------------------------------
INFO: [Device 21-403] Loading part xc7a100tcsg324-1
INFO: [Project 1-570] Preparing netlist for logic optimization

Processing XDC Constraints
Initializing timing engine
Parsing XDC File [D:/pj2/Nexys4DDR_Master.xdc]
WARNING: [Vivado 12-584] No ports matched 'LED[0]'. [D:/pj2/Nexys4DDR_Master.xdc:33]
CRITICAL WARNING: [Common 17-55] 'set_property' expects at least one object. [D:/pj2/Nexys4DDR_Master.xdc:33]
Resolution: If [get_<value>] was used to populate the object, check to make sure this command returns at least one valid object.
WARNING: [Vivado 12-584] No ports matched 'LED[1]'. [D:/pj2/Nexys4DDR_Master.xdc:34]
CRITICAL WARNING: [Common 17-55] 'set_property' expects at least one object. [D:/pj2/Nexys4DDR_Master.xdc:34]
Resolution: If [get_<value>] was used to populate the object, check to make sure this command returns at least one valid object.
WARNING: [Vivado 12-584] No ports matched 'LED[2]'. [D:/pj2/Nexys4DDR_Master.xdc:35]
CRITICAL WARNING: [Common 17-55] 'set_property' expects at least one object. [D:/pj2/Nexys4DDR_Master.xdc:35]
Resolution: If [get_<value>] was used to populate the object, check to make sure this command returns at least one valid object.
WARNING: [Vivado 12-584] No ports matched 'LED[3]'. [D:/pj2/Nexys4DDR_Master.xdc:36]
CRITICAL WARNING: [Common 17-55] 'set_property' expects at least one object. [D:/pj2/Nexys4DDR_Master.xdc:36]
Resolution: If [get_<value>] was used to populate the object, check to make sure this command returns at least one valid object.
WARNING: [Vivado 12-584] No ports matched 'LED[4]'. [D:/pj2/Nexys4DDR_Master.xdc:37]
CRITICAL WARNING: [Common 17-55] 'set_property' expects at least one object. [D:/pj2/Nexys4DDR_Master.xdc:37]
Resolution: If [get_<value>] was used to populate the object, check to make sure this command returns at least one valid object.
WARNING: [Vivado 12-584] No ports matched 'LED[5]'. [D:/pj2/Nexys4DDR_Master.xdc:38]
CRITICAL WARNING: [Common 17-55] 'set_property' expects at least one object. [D:/pj2/Nexys4DDR_Master.xdc:38]
Resolution: If [get_<value>] was used to populate the object, check to make sure this command returns at least one valid object.
WARNING: [Vivado 12-584] No ports matched 'LED[6]'. [D:/pj2/Nexys4DDR_Master.xdc:39]
CRITICAL WARNING: [Common 17-55] 'set_property' expects at least one object. [D:/pj2/Nexys4DDR_Master.xdc:39]
Resolution: If [get_<value>] was used to populate the object, check to make sure this command returns at least one valid object.
WARNING: [Vivado 12-584] No ports matched 'LED[7]'. [D:/pj2/Nexys4DDR_Master.xdc:40]
CRITICAL WARNING: [Common 17-55] 'set_property' expects at least one object. [D:/pj2/Nexys4DDR_Master.xdc:40]
Resolution: If [get_<value>] was used to populate the object, check to make sure this command returns at least one valid object.
WARNING: [Vivado 12-584] No ports matched 'LED[8]'. [D:/pj2/Nexys4DDR_Master.xdc:41]
CRITICAL WARNING: [Common 17-55] 'set_property' expects at least one object. [D:/pj2/Nexys4DDR_Master.xdc:41]
Resolution: If [get_<value>] was used to populate the object, check to make sure this command returns at least one valid object.
WARNING: [Vivado 12-584] No ports matched 'LED[9]'. [D:/pj2/Nexys4DDR_Master.xdc:42]
CRITICAL WARNING: [Common 17-55] 'set_property' expects at least one object. [D:/pj2/Nexys4DDR_Master.xdc:42]
Resolution: If [get_<value>] was used to populate the object, check to make sure this command returns at least one valid object.
WARNING: [Vivado 12-584] No ports matched 'LED[10]'. [D:/pj2/Nexys4DDR_Master.xdc:43]
CRITICAL WARNING: [Common 17-55] 'set_property' expects at least one object. [D:/pj2/Nexys4DDR_Master.xdc:43]
Resolution: If [get_<value>] was used to populate the object, check to make sure this command returns at least one valid object.
WARNING: [Vivado 12-584] No ports matched 'LED[11]'. [D:/pj2/Nexys4DDR_Master.xdc:44]
CRITICAL WARNING: [Common 17-55] 'set_property' expects at least one object. [D:/pj2/Nexys4DDR_Master.xdc:44]
Resolution: If [get_<value>] was used to populate the object, check to make sure this command returns at least one valid object.
WARNING: [Vivado 12-584] No ports matched 'LED[12]'. [D:/pj2/Nexys4DDR_Master.xdc:45]
CRITICAL WARNING: [Common 17-55] 'set_property' expects at least one object. [D:/pj2/Nexys4DDR_Master.xdc:45]
Resolution: If [get_<value>] was used to populate the object, check to make sure this command returns at least one valid object.
WARNING: [Vivado 12-584] No ports matched 'LED[13]'. [D:/pj2/Nexys4DDR_Master.xdc:46]
CRITICAL WARNING: [Common 17-55] 'set_property' expects at least one object. [D:/pj2/Nexys4DDR_Master.xdc:46]
Resolution: If [get_<value>] was used to populate the object, check to make sure this command returns at least one valid object.
WARNING: [Vivado 12-584] No ports matched 'LED[14]'. [D:/pj2/Nexys4DDR_Master.xdc:47]
CRITICAL WARNING: [Common 17-55] 'set_property' expects at least one object. [D:/pj2/Nexys4DDR_Master.xdc:47]
Resolution: If [get_<value>] was used to populate the object, check to make sure this command returns at least one valid object.
WARNING: [Vivado 12-584] No ports matched 'LED[15]'. [D:/pj2/Nexys4DDR_Master.xdc:48]
CRITICAL WARNING: [Common 17-55] 'set_property' expects at least one object. [D:/pj2/Nexys4DDR_Master.xdc:48]
Resolution: If [get_<value>] was used to populate the object, check to make sure this command returns at least one valid object.
WARNING: [Vivado 12-584] No ports matched 'BTNU'. [D:/pj2/Nexys4DDR_Master.xdc:84]
CRITICAL WARNING: [Common 17-55] 'set_property' expects at least one object. [D:/pj2/Nexys4DDR_Master.xdc:84]
Resolution: If [get_<value>] was used to populate the object, check to make sure this command returns at least one valid object.
WARNING: [Vivado 12-584] No ports matched 'BTND'. [D:/pj2/Nexys4DDR_Master.xdc:87]
CRITICAL WARNING: [Common 17-55] 'set_property' expects at least one object. [D:/pj2/Nexys4DDR_Master.xdc:87]
Resolution: If [get_<value>] was used to populate the object, check to make sure this command returns at least one valid object.
WARNING: [Vivado 12-507] No nets matched 'SW_IBUF[2]'. [D:/pj2/Nexys4DDR_Master.xdc:266]
CRITICAL WARNING: [Common 17-55] 'set_property' expects at least one object. [D:/pj2/Nexys4DDR_Master.xdc:266]
Resolution: If [get_<value>] was used to populate the object, check to make sure this command returns at least one valid object.
WARNING: [Vivado 12-507] No nets matched 'SW_IBUF[1]'. [D:/pj2/Nexys4DDR_Master.xdc:268]
CRITICAL WARNING: [Common 17-55] 'set_property' expects at least one object. [D:/pj2/Nexys4DDR_Master.xdc:268]
Resolution: If [get_<value>] was used to populate the object, check to make sure this command returns at least one valid object.
WARNING: [Vivado 12-507] No nets matched 'SW_IBUF[3]'. [D:/pj2/Nexys4DDR_Master.xdc:269]
CRITICAL WARNING: [Common 17-55] 'set_property' expects at least one object. [D:/pj2/Nexys4DDR_Master.xdc:269]
Resolution: If [get_<value>] was used to populate the object, check to make sure this command returns at least one valid object.
Finished Parsing XDC File [D:/pj2/Nexys4DDR_Master.xdc]
INFO: [Project 1-236] Implementation specific constraints were found while reading constraint file [D:/pj2/Nexys4DDR_Master.xdc]. These constraints will be ignored for synthesis but will be used in implementation. Impacted constraints are listed in the file [.Xil/top_propImpl.xdc].
Resolution: To avoid this warning, move constraints listed in [.Xil/top_propImpl.xdc] to another XDC file and exclude this new file from synthesis with the used_in_synthesis property (File Properties dialog in GUI) and re-run elaboration/synthesis.
Netlist sorting complete. Time (s): cpu = 00:00:00 ; elapsed = 00:00:00 . Memory (MB): peak = 741.590 ; gain = 0.000
Completed Processing XDC Constraints

Netlist sorting complete. Time (s): cpu = 00:00:00 ; elapsed = 00:00:00 . Memory (MB): peak = 741.617 ; gain = 0.000
INFO: [Project 1-111] Unisim Transformation Summary:
No Unisim elements were transformed.

Netlist sorting complete. Time (s): cpu = 00:00:00 ; elapsed = 00:00:00 . Memory (MB): peak = 741.617 ; gain = 0.000
Constraint Validation Runtime : Time (s): cpu = 00:00:00 ; elapsed = 00:00:00.003 . Memory (MB): peak = 741.617 ; gain = 0.000
---------------------------------------------------------------------------------
Finished Constraint Validation : Time (s): cpu = 00:00:09 ; elapsed = 00:00:10 . Memory (MB): peak = 741.617 ; gain = 473.148
---------------------------------------------------------------------------------
---------------------------------------------------------------------------------
Start Loading Part and Timing Information
---------------------------------------------------------------------------------
Loading part: xc7a100tcsg324-1
---------------------------------------------------------------------------------
Finished Loading Part and Timing Information : Time (s): cpu = 00:00:09 ; elapsed = 00:00:10 . Memory (MB): peak = 741.617 ; gain = 473.148
---------------------------------------------------------------------------------
---------------------------------------------------------------------------------
Start Applying 'set_property' XDC Constraints
---------------------------------------------------------------------------------
---------------------------------------------------------------------------------
Finished applying 'set_property' XDC Constraints : Time (s): cpu = 00:00:09 ; elapsed = 00:00:10 . Memory (MB): peak = 741.617 ; gain = 473.148
---------------------------------------------------------------------------------
INFO: [Synth 8-802] inferred FSM for state register 'state_reg' in module 'maindec'
INFO: [Synth 8-5545] ROM "Zero" won't be mapped to RAM because address size (32) is larger than maximum supported(25)
INFO: [Synth 8-5544] ROM "RAM" won't be mapped to Block RAM because address size (4) smaller than threshold (5)
---------------------------------------------------------------------------------------------------
                   State |                     New Encoding |                Previous Encoding 
---------------------------------------------------------------------------------------------------
                   FETCH |                  000000000000001 |                             0000
                  DECODE |                  000000000000010 |                             0001
                  MEMADR |                  000000000000100 |                             0010
                   MEMRD |                  000000000001000 |                             0011
                   MEMWB |                  000000000010000 |                             0100
                   MEMWR |                  000000000100000 |                             0101
                 RTYPEEX |                  000000001000000 |                             0110
                 RTYPEWB |                  000000010000000 |                             0111
                   BEQEX |                  000000100000000 |                             1000
                   BNEEX |                  000001000000000 |                             1100
                  ADDIEX |                  000010000000000 |                             1001
                  ANDIEX |                  000100000000000 |                             1101
                   ORIEX |                  001000000000000 |                             1110
                     IWB |                  010000000000000 |                             1010
                     JEX |                  100000000000000 |                             1011
---------------------------------------------------------------------------------------------------
INFO: [Synth 8-3354] encoded FSM with state register 'state_reg' using encoding 'one-hot' in module 'maindec'
WARNING: [Synth 8-327] inferring latch for variable 'alucontrol_reg' [D:/pj2/project_4/project_4.srcs/sources_1/new/pj4.sv:463]
WARNING: [Synth 8-327] inferring latch for variable 'ALUResult_reg' [D:/pj2/project_4/project_4.srcs/sources_1/new/pj4.sv:633]
---------------------------------------------------------------------------------
Finished RTL Optimization Phase 2 : Time (s): cpu = 00:00:09 ; elapsed = 00:00:10 . Memory (MB): peak = 741.617 ; gain = 473.148
---------------------------------------------------------------------------------

Report RTL Partitions: 
+-+--------------+------------+----------+
| |RTL Partition |Replication |Instances |
+-+--------------+------------+----------+
+-+--------------+------------+----------+
---------------------------------------------------------------------------------
Start RTL Component Statistics 
---------------------------------------------------------------------------------
Detailed RTL Component Info : 
+---Adders : 
	   2 Input     32 Bit       Adders := 1     
	   3 Input     32 Bit       Adders := 1     
+---Registers : 
	               32 Bit    Registers := 6     
	               16 Bit    Registers := 1     
	               12 Bit    Registers := 2     
	                8 Bit    Registers := 1     
	                2 Bit    Registers := 1     
+---Muxes : 
	   2 Input     32 Bit        Muxes := 7     
	   4 Input     32 Bit        Muxes := 2     
	  14 Input     32 Bit        Muxes := 1     
	  15 Input     18 Bit        Muxes := 1     
	  15 Input     15 Bit        Muxes := 1     
	  10 Input     15 Bit        Muxes := 1     
	   3 Input     15 Bit        Muxes := 1     
	   4 Input      8 Bit        Muxes := 1     
	   8 Input      8 Bit        Muxes := 1     
	   2 Input      5 Bit        Muxes := 1     
	  11 Input      3 Bit        Muxes := 1     
	   2 Input      2 Bit        Muxes := 1     
	   6 Input      1 Bit        Muxes := 2     
	   2 Input      1 Bit        Muxes := 1     
---------------------------------------------------------------------------------
Finished RTL Component Statistics 
---------------------------------------------------------------------------------
---------------------------------------------------------------------------------
Start RTL Hierarchical Component Statistics 
---------------------------------------------------------------------------------
Hierarchical RTL Component report 
Module flopenr 
Detailed RTL Component Info : 
+---Registers : 
	               32 Bit    Registers := 1     
Module maindec 
Detailed RTL Component Info : 
+---Muxes : 
	  15 Input     18 Bit        Muxes := 1     
	  15 Input     15 Bit        Muxes := 1     
	  10 Input     15 Bit        Muxes := 1     
	   3 Input     15 Bit        Muxes := 1     
Module aludec 
Detailed RTL Component Info : 
+---Muxes : 
	  11 Input      3 Bit        Muxes := 1     
	   6 Input      1 Bit        Muxes := 1     
Module regfile 
Detailed RTL Component Info : 
+---Muxes : 
	   2 Input     32 Bit        Muxes := 2     
Module flopr2 
Detailed RTL Component Info : 
+---Registers : 
	               32 Bit    Registers := 2     
Module mux2 
Detailed RTL Component Info : 
+---Muxes : 
	   2 Input      5 Bit        Muxes := 1     
Module mux2__parameterized0 
Detailed RTL Component Info : 
+---Muxes : 
	   2 Input     32 Bit        Muxes := 1     
Module ALU 
Detailed RTL Component Info : 
+---Adders : 
	   2 Input     32 Bit       Adders := 1     
	   3 Input     32 Bit       Adders := 1     
+---Muxes : 
	   2 Input      1 Bit        Muxes := 1     
	   6 Input      1 Bit        Muxes := 1     
Module flopr 
Detailed RTL Component Info : 
+---Registers : 
	               32 Bit    Registers := 1     
Module mux4 
Detailed RTL Component Info : 
+---Muxes : 
	   4 Input     32 Bit        Muxes := 1     
Module imem 
Detailed RTL Component Info : 
+---Muxes : 
	  14 Input     32 Bit        Muxes := 1     
Module IO 
Detailed RTL Component Info : 
+---Registers : 
	               16 Bit    Registers := 1     
	               12 Bit    Registers := 2     
	                8 Bit    Registers := 1     
	                2 Bit    Registers := 1     
+---Muxes : 
	   4 Input      8 Bit        Muxes := 1     
	   2 Input      2 Bit        Muxes := 1     
Module mux7seg 
Detailed RTL Component Info : 
+---Muxes : 
	   8 Input      8 Bit        Muxes := 1     
Module DataMemoryDecoder 
Detailed RTL Component Info : 
+---Muxes : 
	   2 Input     32 Bit        Muxes := 1     
---------------------------------------------------------------------------------
Finished RTL Hierarchical Component Statistics
---------------------------------------------------------------------------------
---------------------------------------------------------------------------------
Start Part Resource Summary
---------------------------------------------------------------------------------
Part Resources:
DSPs: 240 (col length:80)
BRAMs: 270 (col length: RAMB18 80 RAMB36 40)
---------------------------------------------------------------------------------
Finished Part Resource Summary
---------------------------------------------------------------------------------
---------------------------------------------------------------------------------
Start Cross Boundary and Area Optimization
---------------------------------------------------------------------------------
Warning: Parallel synthesis criteria is not met 
WARNING: [Synth 8-6014] Unused sequential element dmemDecoder/dmem/RAM_reg was removed. 
INFO: [Synth 8-5545] ROM "mips/dp/alu/Zero" won't be mapped to RAM because address size (32) is larger than maximum supported(25)
WARNING: [Synth 8-3917] design top has port DP driven by constant 1
INFO: [Synth 8-3886] merging instance 'mips/dp/f3/q_reg[14]' (FD) to 'mips/dp/f3/q_reg[22]'
INFO: [Synth 8-3886] merging instance 'mips/dp/f3/q_reg[15]' (FD) to 'mips/dp/f3/q_reg[11]'
INFO: [Synth 8-3886] merging instance 'mips/dp/f3/q_reg[12]' (FD) to 'mips/dp/f3/q_reg[22]'
INFO: [Synth 8-3886] merging instance 'mips/dp/f3/q_reg[13]' (FD) to 'mips/dp/f3/q_reg[11]'
INFO: [Synth 8-3886] merging instance 'mips/dp/f3/q_reg[22]' (FD) to 'mips/dp/f3/q_reg[10]'
INFO: [Synth 8-3886] merging instance 'mips/dp/f3/q_reg[19]' (FD) to 'mips/dp/f3/q_reg[24]'
INFO: [Synth 8-3886] merging instance 'mips/dp/f3/q_reg[26]' (FD) to 'mips/dp/f3/q_reg[31]'
INFO: [Synth 8-3886] merging instance 'mips/dp/f3/q_reg[24]' (FD) to 'mips/dp/f3/q_reg[30]'
INFO: [Synth 8-3333] propagating constant 0 across sequential element (\mips/dp/f3/q_reg[30] )
INFO: [Synth 8-3886] merging instance 'mips/ir/q_reg[8]' (FDCE) to 'mips/ir/q_reg[9]'
INFO: [Synth 8-3886] merging instance 'mips/ir/q_reg[9]' (FDCE) to 'mips/ir/q_reg[10]'
INFO: [Synth 8-3886] merging instance 'mips/ir/q_reg[10]' (FDCE) to 'mips/ir/q_reg[12]'
INFO: [Synth 8-3886] merging instance 'mips/ir/q_reg[22]' (FDCE) to 'mips/ir/q_reg[12]'
INFO: [Synth 8-3886] merging instance 'mips/ir/q_reg[24]' (FDCE) to 'mips/ir/q_reg[19]'
INFO: [Synth 8-3886] merging instance 'mips/dp/f3/q_reg[10]' (FD) to 'mips/dp/f3/q_reg[8]'
INFO: [Synth 8-3886] merging instance 'mips/dp/f3/q_reg[8]' (FD) to 'mips/dp/f3/q_reg[9]'
INFO: [Synth 8-3886] merging instance 'mips/ir/q_reg[11]' (FDCE) to 'mips/ir/q_reg[13]'
INFO: [Synth 8-3886] merging instance 'mips/ir/q_reg[12]' (FDCE) to 'mips/ir/q_reg[14]'
INFO: [Synth 8-3886] merging instance 'mips/ir/q_reg[13]' (FDCE) to 'mips/ir/q_reg[15]'
INFO: [Synth 8-3886] merging instance 'mips/ir/q_reg[19]' (FDCE) to 'mips/ir/q_reg[30]'
INFO: [Synth 8-3886] merging instance 'mips/ir/q_reg[26]' (FDCE) to 'mips/ir/q_reg[31]'
INFO: [Synth 8-3333] propagating constant 0 across sequential element (\mips/ir/q_reg[30] )
INFO: [Synth 8-3886] merging instance 'mips/c/md/FSM_onehot_state_reg[9]' (FDC) to 'mips/c/md/FSM_onehot_state_reg[12]'
INFO: [Synth 8-3333] propagating constant 0 across sequential element (\mips/c/md/FSM_onehot_state_reg[12] )
WARNING: [Synth 8-3332] Sequential element (mips/c/md/FSM_onehot_state_reg[12]) is unused and will be removed from module top.
---------------------------------------------------------------------------------
Finished Cross Boundary and Area Optimization : Time (s): cpu = 00:00:11 ; elapsed = 00:00:12 . Memory (MB): peak = 741.617 ; gain = 473.148
---------------------------------------------------------------------------------
---------------------------------------------------------------------------------
Start ROM, RAM, DSP and Shift Register Reporting
---------------------------------------------------------------------------------

ROM:
+------------+-----------------------+---------------+----------------+
|Module Name | RTL Object            | Depth x Width | Implemented As | 
+------------+-----------------------+---------------+----------------+
|Hex7seg     | A2G                   | 32x7          | LUT            | 
|top         | dmemDecoder/x7/h7/A2G | 32x7          | LUT            | 
+------------+-----------------------+---------------+----------------+


Distributed RAM: Preliminary Mapping  Report (see note below)
+------------+-------------------+-----------+----------------------+---------------+
|Module Name | RTL Object        | Inference | Size (Depth x Width) | Primitives    | 
+------------+-------------------+-----------+----------------------+---------------+
|top         | mips/dp/rf/rf_reg | Implied   | 32 x 32              | RAM32M x 12   | 
+------------+-------------------+-----------+----------------------+---------------+

Note: The table above is a preliminary report that shows the Distributed RAMs at the current stage of the synthesis flow. Some Distributed RAMs may be reimplemented as non Distributed RAM primitives later in the synthesis flow. Multiple instantiated RAMs are reported only once.
---------------------------------------------------------------------------------
Finished ROM, RAM, DSP and Shift Register Reporting
---------------------------------------------------------------------------------

Report RTL Partitions: 
+-+--------------+------------+----------+
| |RTL Partition |Replication |Instances |
+-+--------------+------------+----------+
+-+--------------+------------+----------+
---------------------------------------------------------------------------------
Start Applying XDC Timing Constraints
---------------------------------------------------------------------------------
---------------------------------------------------------------------------------
Finished Applying XDC Timing Constraints : Time (s): cpu = 00:00:17 ; elapsed = 00:00:18 . Memory (MB): peak = 741.617 ; gain = 473.148
---------------------------------------------------------------------------------
---------------------------------------------------------------------------------
Start Timing Optimization
---------------------------------------------------------------------------------
---------------------------------------------------------------------------------
Finished Timing Optimization : Time (s): cpu = 00:00:18 ; elapsed = 00:00:19 . Memory (MB): peak = 778.285 ; gain = 509.816
---------------------------------------------------------------------------------
---------------------------------------------------------------------------------
Start ROM, RAM, DSP and Shift Register Reporting
---------------------------------------------------------------------------------

Distributed RAM: Final Mapping  Report
+------------+-------------------+-----------+----------------------+---------------+
|Module Name | RTL Object        | Inference | Size (Depth x Width) | Primitives    | 
+------------+-------------------+-----------+----------------------+---------------+
|top         | mips/dp/rf/rf_reg | Implied   | 32 x 32              | RAM32M x 12   | 
+------------+-------------------+-----------+----------------------+---------------+

---------------------------------------------------------------------------------
Finished ROM, RAM, DSP and Shift Register Reporting
---------------------------------------------------------------------------------

Report RTL Partitions: 
+-+--------------+------------+----------+
| |RTL Partition |Replication |Instances |
+-+--------------+------------+----------+
+-+--------------+------------+----------+
---------------------------------------------------------------------------------
Start Technology Mapping
---------------------------------------------------------------------------------
---------------------------------------------------------------------------------
Finished Technology Mapping : Time (s): cpu = 00:00:18 ; elapsed = 00:00:20 . Memory (MB): peak = 787.316 ; gain = 518.848
---------------------------------------------------------------------------------

Report RTL Partitions: 
+-+--------------+------------+----------+
| |RTL Partition |Replication |Instances |
+-+--------------+------------+----------+
+-+--------------+------------+----------+
---------------------------------------------------------------------------------
Start IO Insertion
---------------------------------------------------------------------------------
---------------------------------------------------------------------------------
Start Flattening Before IO Insertion
---------------------------------------------------------------------------------
---------------------------------------------------------------------------------
Finished Flattening Before IO Insertion
---------------------------------------------------------------------------------
---------------------------------------------------------------------------------
Start Final Netlist Cleanup
---------------------------------------------------------------------------------
---------------------------------------------------------------------------------
Finished Final Netlist Cleanup
---------------------------------------------------------------------------------
---------------------------------------------------------------------------------
Finished IO Insertion : Time (s): cpu = 00:00:19 ; elapsed = 00:00:21 . Memory (MB): peak = 787.316 ; gain = 518.848
---------------------------------------------------------------------------------

Report Check Netlist: 
+------+------------------+-------+---------+-------+------------------+
|      |Item              |Errors |Warnings |Status |Description       |
+------+------------------+-------+---------+-------+------------------+
|1     |multi_driven_nets |      0|        0|Passed |Multi driven nets |
+------+------------------+-------+---------+-------+------------------+
---------------------------------------------------------------------------------
Start Renaming Generated Instances
---------------------------------------------------------------------------------
---------------------------------------------------------------------------------
Finished Renaming Generated Instances : Time (s): cpu = 00:00:19 ; elapsed = 00:00:21 . Memory (MB): peak = 787.316 ; gain = 518.848
---------------------------------------------------------------------------------

Report RTL Partitions: 
+-+--------------+------------+----------+
| |RTL Partition |Replication |Instances |
+-+--------------+------------+----------+
+-+--------------+------------+----------+
---------------------------------------------------------------------------------
Start Rebuilding User Hierarchy
---------------------------------------------------------------------------------
---------------------------------------------------------------------------------
Finished Rebuilding User Hierarchy : Time (s): cpu = 00:00:19 ; elapsed = 00:00:21 . Memory (MB): peak = 787.316 ; gain = 518.848
---------------------------------------------------------------------------------
---------------------------------------------------------------------------------
Start Renaming Generated Ports
---------------------------------------------------------------------------------
---------------------------------------------------------------------------------
Finished Renaming Generated Ports : Time (s): cpu = 00:00:19 ; elapsed = 00:00:21 . Memory (MB): peak = 787.316 ; gain = 518.848
---------------------------------------------------------------------------------
---------------------------------------------------------------------------------
Start Handling Custom Attributes
---------------------------------------------------------------------------------
---------------------------------------------------------------------------------
Finished Handling Custom Attributes : Time (s): cpu = 00:00:19 ; elapsed = 00:00:21 . Memory (MB): peak = 787.316 ; gain = 518.848
---------------------------------------------------------------------------------
---------------------------------------------------------------------------------
Start Renaming Generated Nets
---------------------------------------------------------------------------------
---------------------------------------------------------------------------------
Finished Renaming Generated Nets : Time (s): cpu = 00:00:19 ; elapsed = 00:00:21 . Memory (MB): peak = 787.316 ; gain = 518.848
---------------------------------------------------------------------------------
---------------------------------------------------------------------------------
Start Writing Synthesis Report
---------------------------------------------------------------------------------

Report BlackBoxes: 
+-+--------------+----------+
| |BlackBox name |Instances |
+-+--------------+----------+
+-+--------------+----------+

Report Cell Usage: 
+------+-------+------+
|      |Cell   |Count |
+------+-------+------+
|1     |BUFG   |     2|
|2     |CARRY4 |    25|
|3     |LUT1   |     2|
|4     |LUT2   |    13|
|5     |LUT3   |   109|
|6     |LUT4   |    70|
|7     |LUT5   |   155|
|8     |LUT6   |   143|
|9     |MUXF7  |     4|
|10    |RAM32M |    12|
|11    |FDCE   |    65|
|12    |FDPE   |     1|
|13    |FDRE   |   187|
|14    |LD     |    35|
|15    |IBUF   |    20|
|16    |OBUF   |    16|
+------+-------+------+

Report Instance Areas: 
+------+--------------+------------------+------+
|      |Instance      |Module            |Cells |
+------+--------------+------------------+------+
|1     |top           |                  |   859|
|2     |  dmemDecoder |DataMemoryDecoder |   113|
|3     |    io        |IO                |    63|
|4     |    x7        |mux7seg           |    50|
|5     |  mips        |mips              |   707|
|6     |    c         |controller        |   160|
|7     |      ad      |aludec            |    70|
|8     |      md      |maindec           |    90|
|9     |    dp        |datapath          |   451|
|10    |      alu     |ALU               |    63|
|11    |      f1      |flopr2            |   185|
|12    |      f2      |flopr             |    66|
|13    |      f3      |flopr_0           |    44|
|14    |      pcreg   |flopenr_1         |    81|
|15    |      rf      |regfile           |    12|
|16    |    ir        |flopenr           |    96|
+------+--------------+------------------+------+
---------------------------------------------------------------------------------
Finished Writing Synthesis Report : Time (s): cpu = 00:00:19 ; elapsed = 00:00:21 . Memory (MB): peak = 787.316 ; gain = 518.848
---------------------------------------------------------------------------------
Synthesis finished with 0 errors, 0 critical warnings and 5 warnings.
Synthesis Optimization Runtime : Time (s): cpu = 00:00:13 ; elapsed = 00:00:16 . Memory (MB): peak = 787.316 ; gain = 172.176
Synthesis Optimization Complete : Time (s): cpu = 00:00:20 ; elapsed = 00:00:21 . Memory (MB): peak = 787.316 ; gain = 518.848
INFO: [Project 1-571] Translating synthesized netlist
INFO: [Netlist 29-17] Analyzing 76 Unisim elements for replacement
INFO: [Netlist 29-28] Unisim Transformation completed in 0 CPU seconds
INFO: [Project 1-570] Preparing netlist for logic optimization
INFO: [Opt 31-138] Pushed 0 inverter(s) to 0 load pin(s).
Netlist sorting complete. Time (s): cpu = 00:00:00 ; elapsed = 00:00:00.001 . Memory (MB): peak = 787.316 ; gain = 0.000
INFO: [Project 1-111] Unisim Transformation Summary:
  A total of 47 instances were transformed.
  LD => LDCE: 35 instances
  RAM32M => RAM32M (RAMD32, RAMD32, RAMD32, RAMD32, RAMD32, RAMD32, RAMS32, RAMS32): 12 instances

INFO: [Common 17-83] Releasing license: Synthesis
92 Infos, 122 Warnings, 21 Critical Warnings and 0 Errors encountered.
synth_design completed successfully
synth_design: Time (s): cpu = 00:00:22 ; elapsed = 00:00:23 . Memory (MB): peak = 787.316 ; gain = 518.848
Netlist sorting complete. Time (s): cpu = 00:00:00 ; elapsed = 00:00:00 . Memory (MB): peak = 787.316 ; gain = 0.000
WARNING: [Constraints 18-5210] No constraints selected for write.
Resolution: This message can indicate that there are no constraints for the design, or it can indicate that the used_in flags are set such that the constraints are ignored. This later case is used when running synth_design to not write synthesis constraints to the resulting checkpoint. Instead, project constraints are read when the synthesized design is opened.
INFO: [Common 17-1381] The checkpoint 'D:/pj2/project_4/project_4.runs/synth_1/top.dcp' has been generated.
INFO: [runtcl-4] Executing : report_utilization -file top_utilization_synth.rpt -pb top_utilization_synth.pb
INFO: [Common 17-206] Exiting Vivado at Tue Apr 19 14:22:25 2022...
