INFO: [VRFC 10-2263] Analyzing SystemVerilog file "D:/pj2/project_1/project_1.srcs/sources_1/new/pj1.sv" into library xil_defaultlib
INFO: [VRFC 10-311] analyzing module top
INFO: [VRFC 10-311] analyzing module imem
INFO: [VRFC 10-311] analyzing module dmem
INFO: [VRFC 10-311] analyzing module mips
INFO: [VRFC 10-311] analyzing module controller
INFO: [VRFC 10-311] analyzing module maindec
INFO: [VRFC 10-311] analyzing module aludec
INFO: [VRFC 10-311] analyzing module datapath
INFO: [VRFC 10-311] analyzing module regfile
INFO: [VRFC 10-311] analyzing module sl2
INFO: [VRFC 10-311] analyzing module signext
INFO: [VRFC 10-311] analyzing module flopr
INFO: [VRFC 10-311] analyzing module flopr2
INFO: [VRFC 10-311] analyzing module flopenr
INFO: [VRFC 10-311] analyzing module mux2
INFO: [VRFC 10-311] analyzing module mux4
INFO: [VRFC 10-311] analyzing module ALU
INFO: [VRFC 10-2263] Analyzing SystemVerilog file "D:/pj2/project_1/project_1.srcs/sources_1/imports/pj2/testbench.sv" into library xil_defaultlib
INFO: [VRFC 10-311] analyzing module testbench
